0 info it worked if it ends with ok
1 verbose cli [
1 verbose cli   '/usr/local/bin/node',
1 verbose cli   '/usr/local/bin/npm',
1 verbose cli   'install',
1 verbose cli   'express',
1 verbose cli   'ejs',
1 verbose cli   'body-parser'
1 verbose cli ]
2 info using npm@6.14.15
3 info using node@v12.22.6
4 verbose npm-session bf5ed0b007f56ab5
5 silly install loadCurrentTree
6 silly install readLocalPackageData
7 timing stage:rollbackFailedOptional Completed in 1ms
8 timing stage:runTopLevelLifecycles Completed in 7ms
9 verbose stack Error: Failed to parse json
9 verbose stack Unexpected token ' in JSON at position 34 while parsing near '...eek5",
9 verbose stack   "version": '1.0.0',
9 verbose stack   "descript...'
9 verbose stack     at parseError (/usr/local/lib/node_modules/npm/node_modules/read-package-json/read-json.js:470:11)
9 verbose stack     at parseJson (/usr/local/lib/node_modules/npm/node_modules/read-package-json/read-json.js:105:26)
9 verbose stack     at /usr/local/lib/node_modules/npm/node_modules/read-package-json/read-json.js:52:5
9 verbose stack     at /usr/local/lib/node_modules/npm/node_modules/graceful-fs/graceful-fs.js:123:16
9 verbose stack     at FSReqCallback.readFileAfterClose [as oncomplete] (internal/fs/read_file_context.js:63:3)
10 verbose cwd /home/ubuntu/week5
11 verbose Linux 4.14.238-182.421.amzn2.x86_64
12 verbose argv "/usr/local/bin/node" "/usr/local/bin/npm" "install" "express" "ejs" "body-parser"
13 verbose node v12.22.6
14 verbose npm  v6.14.15
15 error code EJSONPARSE
16 error file /home/ubuntu/week5/package.json
17 error JSON.parse Failed to parse json
17 error JSON.parse Unexpected token ' in JSON at position 34 while parsing near '...eek5",
17 error JSON.parse   "version": '1.0.0',
17 error JSON.parse   "descript...'
18 error JSON.parse Failed to parse package.json data.
18 error JSON.parse package.json must be actual JSON, not just JavaScript.
19 verbose exit [ 1, true ]
