0 info it worked if it ends with ok
1 verbose cli [ '/usr/local/bin/node', '/usr/local/bin/npm', 'cache', 'clean' ]
2 info using npm@6.14.15
3 info using node@v12.22.6
4 verbose npm-session aa49b5908ad0f2b9
5 verbose stack Error: As of npm@5, the npm cache self-heals from corruption issues and data extracted from the cache is guaranteed to be valid. If you want to make sure everything is consistent, use 'npm cache verify' instead. On the other hand, if you're debugging an issue with the installer, you can use `npm install --cache /tmp/empty-cache` to use a temporary cache instead of nuking the actual one.
5 verbose stack
5 verbose stack If you're sure you want to delete the entire cache, rerun this command with --force.
5 verbose stack     at clean (/usr/local/lib/node_modules/npm/lib/cache.js:72:22)
5 verbose stack     at EventEmitter.cache (/usr/local/lib/node_modules/npm/lib/cache.js:47:16)
5 verbose stack     at Object.commandCache.<computed> (/usr/local/lib/node_modules/npm/lib/npm.js:156:13)
5 verbose stack     at EventEmitter.<anonymous> (/usr/local/lib/node_modules/npm/bin/npm-cli.js:133:30)
5 verbose stack     at processTicksAndRejections (internal/process/task_queues.js:79:11)
6 verbose cwd /home/ubuntu/week5
7 verbose Linux 4.14.238-182.421.amzn2.x86_64
8 verbose argv "/usr/local/bin/node" "/usr/local/bin/npm" "cache" "clean"
9 verbose node v12.22.6
10 verbose npm  v6.14.15
11 error As of npm@5, the npm cache self-heals from corruption issues and data extracted from the cache is guaranteed to be valid. If you want to make sure everything is consistent, use 'npm cache verify' instead. On the other hand, if you're debugging an issue with the installer, you can use `npm install --cache /tmp/empty-cache` to use a temporary cache instead of nuking the actual one.
11 error
11 error If you're sure you want to delete the entire cache, rerun this command with --force.
12 verbose exit [ 1, true ]
